{"/home/aj/MultiPurposeDiscordBot/src/commands/ping/ping.ts": {"path":"/home/aj/MultiPurposeDiscordBot/src/commands/ping/ping.ts","statementMap":{"0":{"start":{"line":4,"column":2},"end":{"line":4,"column":48}},"1":{"start":{"line":4,"column":41},"end":{"line":4,"column":48}},"2":{"start":{"line":5,"column":2},"end":{"line":5,"column":35}},"3":{"start":{"line":3,"column":0},"end":{"line":3,"column":7}}},"fnMap":{"0":{"name":"ping","decl":{"start":{"line":3,"column":22},"end":{"line":3,"column":26}},"loc":{"start":{"line":3,"column":51},"end":{"line":6,"column":1}}}},"branchMap":{"0":{"loc":{"start":{"line":4,"column":2},"end":{"line":4,"column":48}},"type":"if","locations":[{"start":{"line":4,"column":2},"end":{"line":4,"column":48}}]}},"s":{"0":2,"1":1,"2":1,"3":1},"f":{"0":2},"b":{"0":[1]}}
,"/home/aj/MultiPurposeDiscordBot/tests/interaction.ts": {"path":"/home/aj/MultiPurposeDiscordBot/tests/interaction.ts","statementMap":{"0":{"start":{"line":13,"column":4},"end":{"line":13,"column":40}},"1":{"start":{"line":14,"column":4},"end":{"line":14,"column":22}},"2":{"start":{"line":15,"column":4},"end":{"line":15,"column":25}},"3":{"start":{"line":16,"column":4},"end":{"line":43,"column":6}},"4":{"start":{"line":19,"column":8},"end":{"line":21,"column":9}},"5":{"start":{"line":20,"column":10},"end":{"line":20,"column":22}},"6":{"start":{"line":22,"column":8},"end":{"line":24,"column":null}},"7":{"start":{"line":23,"column":10},"end":{"line":23,"column":null}},"8":{"start":{"line":24,"column":15},"end":{"line":24,"column":null}},"9":{"start":{"line":27,"column":8},"end":{"line":29,"column":9}},"10":{"start":{"line":28,"column":10},"end":{"line":28,"column":22}},"11":{"start":{"line":30,"column":8},"end":{"line":32,"column":null}},"12":{"start":{"line":31,"column":10},"end":{"line":31,"column":null}},"13":{"start":{"line":32,"column":15},"end":{"line":32,"column":null}},"14":{"start":{"line":35,"column":8},"end":{"line":37,"column":9}},"15":{"start":{"line":36,"column":10},"end":{"line":36,"column":22}},"16":{"start":{"line":38,"column":8},"end":{"line":40,"column":null}},"17":{"start":{"line":39,"column":10},"end":{"line":39,"column":null}},"18":{"start":{"line":40,"column":15},"end":{"line":40,"column":null}},"19":{"start":{"line":44,"column":4},"end":{"line":63,"column":6}},"20":{"start":{"line":49,"column":10},"end":{"line":53,"column":11}},"21":{"start":{"line":50,"column":12},"end":{"line":52,"column":14}},"22":{"start":{"line":55,"column":10},"end":{"line":59,"column":11}},"23":{"start":{"line":56,"column":12},"end":{"line":58,"column":13}},"24":{"start":{"line":57,"column":14},"end":{"line":57,"column":26}},"25":{"start":{"line":60,"column":10},"end":{"line":60,"column":22}},"26":{"start":{"line":67,"column":4},"end":{"line":67,"column":68}},"27":{"start":{"line":67,"column":22},"end":{"line":67,"column":68}},"28":{"start":{"line":68,"column":4},"end":{"line":68,"column":23}},"29":{"start":{"line":69,"column":4},"end":{"line":69,"column":24}},"30":{"start":{"line":73,"column":4},"end":{"line":73,"column":26}},"31":{"start":{"line":5,"column":0},"end":{"line":5,"column":13}}},"fnMap":{"0":{"name":"(anonymous_0)","decl":{"start":{"line":12,"column":2},"end":{"line":12,"column":14}},"loc":{"start":{"line":12,"column":51},"end":{"line":64,"column":3}}},"1":{"name":"(anonymous_1)","decl":{"start":{"line":18,"column":19},"end":{"line":18,"column":20}},"loc":{"start":{"line":18,"column":51},"end":{"line":25,"column":7}}},"2":{"name":"(anonymous_2)","decl":{"start":{"line":26,"column":19},"end":{"line":26,"column":20}},"loc":{"start":{"line":26,"column":50},"end":{"line":33,"column":7}}},"3":{"name":"(anonymous_3)","decl":{"start":{"line":34,"column":17},"end":{"line":34,"column":18}},"loc":{"start":{"line":34,"column":48},"end":{"line":41,"column":7}}},"4":{"name":"(anonymous_4)","decl":{"start":{"line":48,"column":14},"end":{"line":48,"column":15}},"loc":{"start":{"line":48,"column":54},"end":{"line":61,"column":9}}},"5":{"name":"(anonymous_5)","decl":{"start":{"line":66,"column":2},"end":{"line":66,"column":7}},"loc":{"start":{"line":66,"column":19},"end":{"line":70,"column":3}}},"6":{"name":"(anonymous_6)","decl":{"start":{"line":72,"column":2},"end":{"line":72,"column":20}},"loc":{"start":{"line":72,"column":20},"end":{"line":74,"column":3}}}},"branchMap":{"0":{"loc":{"start":{"line":13,"column":21},"end":{"line":13,"column":39}},"type":"binary-expr","locations":[{"start":{"line":13,"column":21},"end":{"line":13,"column":30}},{"start":{"line":13,"column":34},"end":{"line":13,"column":39}}]},"1":{"loc":{"start":{"line":19,"column":8},"end":{"line":21,"column":9}},"type":"if","locations":[{"start":{"line":19,"column":8},"end":{"line":21,"column":9}}]},"2":{"loc":{"start":{"line":22,"column":8},"end":{"line":24,"column":null}},"type":"if","locations":[{"start":{"line":22,"column":8},"end":{"line":24,"column":null}},{"start":{"line":24,"column":15},"end":{"line":24,"column":null}}]},"3":{"loc":{"start":{"line":27,"column":8},"end":{"line":29,"column":9}},"type":"if","locations":[{"start":{"line":27,"column":8},"end":{"line":29,"column":9}}]},"4":{"loc":{"start":{"line":30,"column":8},"end":{"line":32,"column":null}},"type":"if","locations":[{"start":{"line":30,"column":8},"end":{"line":32,"column":null}},{"start":{"line":32,"column":15},"end":{"line":32,"column":null}}]},"5":{"loc":{"start":{"line":35,"column":8},"end":{"line":37,"column":9}},"type":"if","locations":[{"start":{"line":35,"column":8},"end":{"line":37,"column":9}}]},"6":{"loc":{"start":{"line":38,"column":8},"end":{"line":40,"column":null}},"type":"if","locations":[{"start":{"line":38,"column":8},"end":{"line":40,"column":null}},{"start":{"line":40,"column":15},"end":{"line":40,"column":null}}]},"7":{"loc":{"start":{"line":49,"column":10},"end":{"line":53,"column":11}},"type":"if","locations":[{"start":{"line":49,"column":10},"end":{"line":53,"column":11}}]},"8":{"loc":{"start":{"line":56,"column":12},"end":{"line":58,"column":13}},"type":"if","locations":[{"start":{"line":56,"column":12},"end":{"line":58,"column":13}}]},"9":{"loc":{"start":{"line":67,"column":4},"end":{"line":67,"column":68}},"type":"if","locations":[{"start":{"line":67,"column":4},"end":{"line":67,"column":68}}]}},"s":{"0":2,"1":2,"2":2,"3":2,"4":0,"5":0,"6":0,"7":0,"8":0,"9":0,"10":0,"11":0,"12":0,"13":0,"14":0,"15":0,"16":0,"17":0,"18":0,"19":2,"20":0,"21":0,"22":0,"23":0,"24":0,"25":0,"26":1,"27":0,"28":1,"29":1,"30":4,"31":1},"f":{"0":2,"1":0,"2":0,"3":0,"4":0,"5":1,"6":4},"b":{"0":[2,1],"1":[0],"2":[0,0],"3":[0],"4":[0,0],"5":[0],"6":[0,0],"7":[0],"8":[0],"9":[0]}}
}
